<?xml version="1.0" encoding="UTF-8"?>
<!-- Generated by org.testng.reporters.JUnitReportReporter -->
<testsuite hostname="DELL" failures="0" tests="1" name="leads_Module.ToCraeteALeadsTest" time="9.877" errors="0" timestamp="29 Mar 2024 06:09:34 GMT" skipped="0">
  <testcase classname="leads_Module.ToCraeteALeadsTest" name="toCraeteALeadsAndToVarifyTheLeadsDetails" time="9.877"/>
</testsuite> <!-- leads_Module.ToCraeteALeadsTest -->
