<?xml version="1.0" encoding="UTF-8"?>
<!-- Generated by org.testng.reporters.JUnitReportReporter -->
<testsuite hostname="DELL" failures="0" tests="1" name="leads_Module.ToCreateALeadTest" time="17.402" errors="0" timestamp="30 Mar 2024 07:24:21 GMT" skipped="0">
  <testcase classname="leads_Module.ToCreateALeadTest" name="toCreateALeadAndToVerifyTheLeadDetails" time="17.402"/>
</testsuite> <!-- leads_Module.ToCreateALeadTest -->
