<?xml version="1.0" encoding="UTF-8"?>
<!-- Generated by org.testng.reporters.JUnitReportReporter -->
<testsuite hostname="DELL" failures="0" tests="1" name="opportunities_module.CreateOpportunitiesTest" time="36.071" errors="0" timestamp="30 Mar 2024 07:24:21 GMT" skipped="0">
  <testcase classname="opportunities_module.CreateOpportunitiesTest" name="createOpportunitiesWithOrganizationNameAndCampaignNameAndVerifyTest" time="36.071"/>
</testsuite> <!-- opportunities_module.CreateOpportunitiesTest -->
